    OpenRGB v0.9
    Commit:  from 
    Launched: 20250612_170924
====================================================================================================

0     |Info:    Found file: allRed.orp attempting to validate header
0     |Info:    Valid v4 profile found for allRed
1007  |Info:    ------------------------------------------------------
1007  |Info:    |               Start device detection               |
1007  |Info:    ------------------------------------------------------
1007  |Info:    Initializing HID interfaces: Success
1012  |Info:    ------------------------------------------------------
1012  |Info:    |             Detecting I2C interfaces               |
1012  |Info:    ------------------------------------------------------
1012  |Info:    Registering I2C interface: /dev/i2c-3 Device 1002:747E Subsystem: 1DA2:D475
1012  |Info:    Registering I2C interface: /dev/i2c-10 Device 1022:790B Subsystem: 1849:FFFF
1012  |Info:    Registering I2C interface: /dev/i2c-1 Device 1002:747E Subsystem: 1DA2:D475
1012  |Warning: [i2c_smbus_linux] Failed to read i2c device PCI device ID
1012  |Info:    Registering I2C interface: /dev/i2c-8 Device 0000:0000 Subsystem: 0000:0000
1012  |Info:    Registering I2C interface: /dev/i2c-6 Device 1002:747E Subsystem: 1DA2:D475
1012  |Info:    Registering I2C interface: /dev/i2c-4 Device 1002:747E Subsystem: 1DA2:D475
1012  |Info:    Registering I2C interface: /dev/i2c-11 Device 1022:790B Subsystem: 1849:FFFF
1012  |Info:    Registering I2C interface: /dev/i2c-2 Device 1002:747E Subsystem: 1DA2:D475
1013  |Info:    Registering I2C interface: /dev/i2c-0 Device 1002:747E Subsystem: 1DA2:D475
1013  |Info:    Registering I2C interface: /dev/i2c-9 Device 1022:790B Subsystem: 1849:FFFF
1013  |Warning: [i2c_smbus_linux] Failed to read i2c device PCI device ID
1013  |Info:    Registering I2C interface: /dev/i2c-7 Device 0000:0000 Subsystem: 0000:0000
1013  |Info:    Registering I2C interface: /dev/i2c-5 Device 1002:747E Subsystem: 1DA2:D475
1013  |Info:    ------------------------------------------------------
1013  |Info:    |               Detecting I2C devices                |
1013  |Info:    ------------------------------------------------------
1877  |Info:    [Corsair Dominator Platinum] Registering RGB controller
1889  |Info:    [Corsair Dominator Platinum] Registering RGB controller
2048  |Info:    ------------------------------------------------------
2048  |Info:    |               Detecting I2C PCI devices            |
2048  |Info:    ------------------------------------------------------
2049  |Info:    ------------------------------------------------------
2049  |Info:    |               Detecting HID devices                |
2049  |Info:    ------------------------------------------------------
2100  |Info:    [Lian Li Uni Hub - SL V2] Registering RGB controller
2101  |Info:    ------------------------------------------------------
2101  |Info:    |            Detecting libusb HID devices            |
2101  |Info:    ------------------------------------------------------
