    OpenRGB v0.9
    Commit:  from 
    Launched: 20250605_121755
====================================================================================================

0     |Info:    Found file: allRed.orp attempting to validate header
0     |Info:    Valid v4 profile found for allRed
1005  |Info:    ------------------------------------------------------
1005  |Info:    |               Start device detection               |
1005  |Info:    ------------------------------------------------------
1005  |Info:    Initializing HID interfaces: Success
1010  |Info:    ------------------------------------------------------
1010  |Info:    |             Detecting I2C interfaces               |
1010  |Info:    ------------------------------------------------------
1010  |Info:    Registering I2C interface: /dev/i2c-3 Device 1002:747E Subsystem: 1DA2:D475
1010  |Info:    Registering I2C interface: /dev/i2c-10 Device 1022:790B Subsystem: 1849:FFFF
1010  |Info:    Registering I2C interface: /dev/i2c-1 Device 1002:747E Subsystem: 1DA2:D475
1010  |Info:    Registering I2C interface: /dev/i2c-8 Device 1022:790B Subsystem: 1849:FFFF
1010  |Warning: [i2c_smbus_linux] Failed to read i2c device PCI device ID
1010  |Info:    Registering I2C interface: /dev/i2c-6 Device 0000:0000 Subsystem: 0000:0000
1010  |Info:    Registering I2C interface: /dev/i2c-4 Device 1002:747E Subsystem: 1DA2:D475
1010  |Info:    Registering I2C interface: /dev/i2c-2 Device 1002:747E Subsystem: 1DA2:D475
1010  |Info:    Registering I2C interface: /dev/i2c-0 Device 1002:747E Subsystem: 1DA2:D475
1010  |Info:    Registering I2C interface: /dev/i2c-9 Device 1022:790B Subsystem: 1849:FFFF
1010  |Warning: [i2c_smbus_linux] Failed to read i2c device PCI device ID
1010  |Info:    Registering I2C interface: /dev/i2c-7 Device 0000:0000 Subsystem: 0000:0000
1011  |Info:    Registering I2C interface: /dev/i2c-5 Device 1002:747E Subsystem: 1DA2:D475
1011  |Info:    ------------------------------------------------------
1011  |Info:    |               Detecting I2C devices                |
1011  |Info:    ------------------------------------------------------
1707  |Info:    [Corsair Dominator Platinum] Registering RGB controller
1719  |Info:    [Corsair Dominator Platinum] Registering RGB controller
2049  |Info:    ------------------------------------------------------
2049  |Info:    |               Detecting I2C PCI devices            |
2049  |Info:    ------------------------------------------------------
2050  |Info:    ------------------------------------------------------
2050  |Info:    |               Detecting HID devices                |
2050  |Info:    ------------------------------------------------------
2102  |Info:    [Lian Li Uni Hub - SL V2] Registering RGB controller
2102  |Info:    ------------------------------------------------------
2102  |Info:    |            Detecting libusb HID devices            |
2102  |Info:    ------------------------------------------------------
2127  |Info:    ------------------------------------------------------
2127  |Info:    |              Detecting other devices               |
2127  |Info:    ------------------------------------------------------
2136  |Info:    ------------------------------------------------------
2136  |Info:    |                Detection completed                 |
2136  |Info:    ------------------------------------------------------
40488 |Info:    Found file: allRed.orp attempting to validate header
40488 |Info:    Valid v4 profile found for allRed
