    OpenRGB v0.9
    Commit:  from 
    Launched: 20250605_004806
====================================================================================================

1002  |Info:    Saving detector settings
1003  |Info:    ------------------------------------------------------
1003  |Info:    |               Start device detection               |
1003  |Info:    ------------------------------------------------------
1003  |Info:    Initializing HID interfaces: Success
1008  |Info:    ------------------------------------------------------
1008  |Info:    |             Detecting I2C interfaces               |
1008  |Info:    ------------------------------------------------------
1008  |Info:    Registering I2C interface: /dev/i2c-3 Device 1002:747E Subsystem: 1DA2:D475
1008  |Info:    Registering I2C interface: /dev/i2c-10 Device 1022:790B Subsystem: 1849:FFFF
1008  |Info:    Registering I2C interface: /dev/i2c-8 Device 1022:790B Subsystem: 1849:FFFF
1008  |Warning: [i2c_smbus_linux] Failed to read i2c device PCI device ID
1008  |Info:    Registering I2C interface: /dev/i2c-6 Device 0000:0000 Subsystem: 0000:0000
1009  |Info:    Registering I2C interface: /dev/i2c-2 Device 1002:747E Subsystem: 1DA2:D475
1009  |Info:    Registering I2C interface: /dev/i2c-0 Device 1002:747E Subsystem: 1DA2:D475
1009  |Warning: [i2c_smbus_linux] Failed to read i2c device PCI device ID
1009  |Info:    Registering I2C interface: /dev/i2c-7 Device 0000:0000 Subsystem: 0000:0000
1009  |Info:    Registering I2C interface: /dev/i2c-5 Device 1002:747E Subsystem: 1DA2:D475
1009  |Info:    ------------------------------------------------------
1009  |Info:    |               Detecting I2C devices                |
1009  |Info:    ------------------------------------------------------
1568  |Info:    ------------------------------------------------------
1568  |Info:    |               Detecting I2C PCI devices            |
1568  |Info:    ------------------------------------------------------
1569  |Info:    ------------------------------------------------------
1569  |Info:    |               Detecting HID devices                |
1569  |Info:    ------------------------------------------------------
1569  |Info:    [Sony DualSense] Registering RGB controller
1621  |Info:    [Lian Li Uni Hub - SL V2] Registering RGB controller
1621  |Info:    ------------------------------------------------------
1621  |Info:    |            Detecting libusb HID devices            |
1621  |Info:    ------------------------------------------------------
1659  |Info:    ------------------------------------------------------
1659  |Info:    |              Detecting other devices               |
1659  |Info:    ------------------------------------------------------
1667  |Info:    ------------------------------------------------------
1667  |Info:    |                Detection completed                 |
1667  |Info:    ------------------------------------------------------
1667  |Dialog:  <h2>WARNING:</h2><p>One or more I2C/SMBus interfaces failed to initialize.</p><p>RGB DRAM modules and some motherboards' onboard RGB lighting will not be available without I2C/SMBus.</p><p>On Linux, this is usually because the i2c-dev module is not loaded.  You must load the i2c-dev module along with the correct i2c driver for your motherboard.  This is usually i2c-piix4 for AMD systems and i2c-i801 for Intel systems.</p><p>See <a href='https://help.openrgb.org/'>help.openrgb.org</a> for additional troubleshooting steps if you keep seeing this message.<br></p>
161747|Info:    ------------------------------------------------------
161747|Info:    |               Start device detection               |
161747|Info:    ------------------------------------------------------
161747|Info:    Initializing HID interfaces: Success
161752|Info:    ------------------------------------------------------
161752|Info:    |             Detecting I2C interfaces               |
161752|Info:    ------------------------------------------------------
161752|Info:    Registering I2C interface: /dev/i2c-3 Device 1002:747E Subsystem: 1DA2:D475
161752|Info:    Registering I2C interface: /dev/i2c-10 Device 1022:790B Subsystem: 1849:FFFF
161752|Info:    Registering I2C interface: /dev/i2c-8 Device 1022:790B Subsystem: 1849:FFFF
161752|Warning: [i2c_smbus_linux] Failed to read i2c device PCI device ID
161752|Info:    Registering I2C interface: /dev/i2c-6 Device 0000:0000 Subsystem: 0000:0000
161752|Info:    Registering I2C interface: /dev/i2c-2 Device 1002:747E Subsystem: 1DA2:D475
161752|Info:    Registering I2C interface: /dev/i2c-0 Device 1002:747E Subsystem: 1DA2:D475
161752|Warning: [i2c_smbus_linux] Failed to read i2c device PCI device ID
161752|Info:    Registering I2C interface: /dev/i2c-7 Device 0000:0000 Subsystem: 0000:0000
161753|Info:    Registering I2C interface: /dev/i2c-5 Device 1002:747E Subsystem: 1DA2:D475
161753|Info:    ------------------------------------------------------
161753|Info:    |               Detecting I2C devices                |
161753|Info:    ------------------------------------------------------
162311|Info:    ------------------------------------------------------
162311|Info:    |               Detecting I2C PCI devices            |
162311|Info:    ------------------------------------------------------
162312|Info:    ------------------------------------------------------
162312|Info:    |               Detecting HID devices                |
162312|Info:    ------------------------------------------------------
162313|Info:    [Sony DualSense] Registering RGB controller
162365|Info:    [Lian Li Uni Hub - SL V2] Registering RGB controller
162365|Info:    ------------------------------------------------------
162365|Info:    |            Detecting libusb HID devices            |
162365|Info:    ------------------------------------------------------
162393|Info:    ------------------------------------------------------
162393|Info:    |              Detecting other devices               |
162393|Info:    ------------------------------------------------------
162394|Info:    ------------------------------------------------------
162394|Info:    |                Detection completed                 |
162394|Info:    ------------------------------------------------------
162394|Dialog:  <h2>WARNING:</h2><p>One or more I2C/SMBus interfaces failed to initialize.</p><p>RGB DRAM modules and some motherboards' onboard RGB lighting will not be available without I2C/SMBus.</p><p>On Linux, this is usually because the i2c-dev module is not loaded.  You must load the i2c-dev module along with the correct i2c driver for your motherboard.  This is usually i2c-piix4 for AMD systems and i2c-i801 for Intel systems.</p><p>See <a href='https://help.openrgb.org/'>help.openrgb.org</a> for additional troubleshooting steps if you keep seeing this message.<br></p>
246322|Info:    ------------------------------------------------------
246322|Info:    |               Start device detection               |
246322|Info:    ------------------------------------------------------
246323|Info:    Initializing HID interfaces: Success
246328|Info:    ------------------------------------------------------
246328|Info:    |             Detecting I2C interfaces               |
246328|Info:    ------------------------------------------------------
246328|Info:    Registering I2C interface: /dev/i2c-3 Device 1002:747E Subsystem: 1DA2:D475
246328|Info:    Registering I2C interface: /dev/i2c-10 Device 1022:790B Subsystem: 1849:FFFF
246328|Info:    Registering I2C interface: /dev/i2c-8 Device 1022:790B Subsystem: 1849:FFFF
246328|Warning: [i2c_smbus_linux] Failed to read i2c device PCI device ID
246328|Info:    Registering I2C interface: /dev/i2c-6 Device 0000:0000 Subsystem: 0000:0000
246328|Info:    Registering I2C interface: /dev/i2c-2 Device 1002:747E Subsystem: 1DA2:D475
246329|Info:    Registering I2C interface: /dev/i2c-0 Device 1002:747E Subsystem: 1DA2:D475
246329|Warning: [i2c_smbus_linux] Failed to read i2c device PCI device ID
246329|Info:    Registering I2C interface: /dev/i2c-7 Device 0000:0000 Subsystem: 0000:0000
246329|Info:    Registering I2C interface: /dev/i2c-5 Device 1002:747E Subsystem: 1DA2:D475
246329|Info:    ------------------------------------------------------
246329|Info:    |               Detecting I2C devices                |
246329|Info:    ------------------------------------------------------
246887|Info:    ------------------------------------------------------
246887|Info:    |               Detecting I2C PCI devices            |
246887|Info:    ------------------------------------------------------
246888|Info:    ------------------------------------------------------
246888|Info:    |               Detecting HID devices                |
246888|Info:    ------------------------------------------------------
246888|Info:    [Sony DualSense] Registering RGB controller
246939|Info:    [Lian Li Uni Hub - SL V2] Registering RGB controller
246939|Info:    ------------------------------------------------------
246939|Info:    |            Detecting libusb HID devices            |
246939|Info:    ------------------------------------------------------
246968|Info:    ------------------------------------------------------
246968|Info:    |              Detecting other devices               |
246968|Info:    ------------------------------------------------------
246969|Info:    ------------------------------------------------------
246969|Info:    |                Detection completed                 |
246969|Info:    ------------------------------------------------------
246969|Dialog:  <h2>WARNING:</h2><p>One or more I2C/SMBus interfaces failed to initialize.</p><p>RGB DRAM modules and some motherboards' onboard RGB lighting will not be available without I2C/SMBus.</p><p>On Linux, this is usually because the i2c-dev module is not loaded.  You must load the i2c-dev module along with the correct i2c driver for your motherboard.  This is usually i2c-piix4 for AMD systems and i2c-i801 for Intel systems.</p><p>See <a href='https://help.openrgb.org/'>help.openrgb.org</a> for additional troubleshooting steps if you keep seeing this message.<br></p>
352774|Info:    Found file: allRed.orp attempting to validate header
352774|Info:    Valid v4 profile found for allRed
